<?xml version="1.0" encoding="UTF-8"?>
<!-- Generated by org.testng.reporters.JUnitXMLReporter -->
<testsuite hostname="VIGNESH" ignored="0" name="Default test" tests="4" failures="0" timestamp="09 Sep 2023 17:12:40 GMT" time="122.038" errors="0">
  <testcase name="test_1_LoginPage" time="51.11" classname="org.amazonfunctionalitytest.Amazon_Functionality_Test"/>
  <testcase name="test_2_SearchBox" time="53.671" classname="org.amazonfunctionalitytest.Amazon_Functionality_Test"/>
  <testcase name="test_3_SelectProduct" time="0.253" classname="org.amazonfunctionalitytest.Amazon_Functionality_Test"/>
  <testcase name="test_4_AddToCart" time="16.954" classname="org.amazonfunctionalitytest.Amazon_Functionality_Test"/>
</testsuite> <!-- Default test -->
